\BOOKMARK [1][-]{section.1}{\376\377\000I\000n\000t\000r\000o\000d\000u\000c\000t\000i\000o\000n}{}% 1
\BOOKMARK [2][-]{subsection.1.1}{\376\377\000P\000r\000o\000j\000e\000c\000t\000\040\000A\000i\000m}{section.1}% 2
\BOOKMARK [2][-]{subsection.1.2}{\376\377\000B\000a\000c\000k\000g\000r\000o\000u\000n\000d\000\040\000a\000n\000d\000\040\000M\000o\000t\000i\000v\000a\000t\000i\000o\000n}{section.1}% 3
\BOOKMARK [2][-]{subsection.1.3}{\376\377\000P\000r\000o\000j\000e\000c\000t\000\040\000O\000b\000j\000e\000c\000t\000i\000v\000e\000s}{section.1}% 4
\BOOKMARK [1][-]{section.2}{\376\377\000L\000i\000t\000e\000r\000a\000t\000u\000r\000e\000\040\000R\000e\000v\000i\000e\000w}{}% 5
\BOOKMARK [2][-]{subsection.2.1}{\376\377\000F\000i\000n\000B\000E\000R\000T\000:\000\040\000F\000i\000n\000a\000n\000c\000i\000a\000l\000\040\000S\000e\000n\000t\000i\000m\000e\000n\000t\000\040\000A\000n\000a\000l\000y\000s\000i\000s\000\040\000w\000i\000t\000h\000\040\000B\000E\000R\000T}{section.2}% 6
\BOOKMARK [2][-]{subsection.2.2}{\376\377\000A\000u\000t\000o\000m\000a\000t\000i\000c\000\040\000T\000e\000x\000t\000\040\000S\000u\000m\000m\000a\000r\000i\000z\000a\000t\000i\000o\000n\000\040\000U\000s\000i\000n\000g\000\040\000G\000e\000n\000s\000i\000m\000\040\000W\000o\000r\000d\0002\000V\000e\000c\000\040\000a\000n\000d\000\040\000K\000-\000M\000e\000a\000n\000s}{section.2}% 7
\BOOKMARK [2][-]{subsection.2.3}{\376\377\000I\000n\000v\000e\000s\000t\000o\000r\000\040\000S\000e\000n\000t\000i\000m\000e\000n\000t\000\040\000a\000n\000d\000\040\000M\000a\000r\000k\000e\000t\000\040\000T\000r\000e\000n\000d\000s}{section.2}% 8
\BOOKMARK [2][-]{subsection.2.4}{\376\377\000E\000v\000e\000n\000t\000-\000B\000a\000s\000e\000d\000\040\000F\000i\000n\000a\000n\000c\000i\000a\000l\000\040\000M\000o\000d\000e\000l\000i\000n\000g}{section.2}% 9
\BOOKMARK [2][-]{subsection.2.5}{\376\377\000B\000o\000l\000l\000i\000n\000g\000e\000r\000\040\000B\000a\000n\000d\000s}{section.2}% 10
\BOOKMARK [2][-]{subsection.2.6}{\376\377\000R\000e\000l\000a\000t\000i\000v\000e\000\040\000S\000t\000r\000e\000n\000g\000t\000h\000\040\000I\000n\000d\000e\000x\000\040\000\050\000R\000S\000I\000\051}{section.2}% 11
\BOOKMARK [2][-]{subsection.2.7}{\376\377\000S\000t\000o\000c\000h\000a\000s\000t\000i\000c\000\040\000O\000s\000c\000i\000l\000l\000a\000t\000o\000r}{section.2}% 12
\BOOKMARK [1][-]{section.3}{\376\377\000E\000x\000p\000l\000o\000r\000a\000t\000o\000r\000y\000\040\000D\000a\000t\000a\000\040\000A\000n\000a\000l\000y\000s\000i\000s\000\040\000\050\000E\000D\000A\000\051}{}% 13
\BOOKMARK [2][-]{subsection.3.1}{\376\377\000H\000e\000a\000d\000l\000i\000n\000e\000\040\000S\000c\000h\000e\000m\000a}{section.3}% 14
\BOOKMARK [2][-]{subsection.3.2}{\376\377\000S\000P\0005\0000\0000\000\040\000S\000c\000h\000e\000m\000a}{section.3}% 15
\BOOKMARK [2][-]{subsection.3.3}{\376\377\000T\000e\000s\000t\000\040\000S\000c\000h\000e\000m\000a}{section.3}% 16
\BOOKMARK [1][-]{section.4}{\376\377\000M\000o\000d\000e\000l\000\040\000S\000u\000r\000v\000e\000y\000\040\000a\000n\000d\000\040\000M\000e\000t\000h\000o\000d\000o\000l\000o\000g\000y}{}% 17
\BOOKMARK [2][-]{subsection.4.1}{\376\377\000B\000a\000s\000e\000l\000i\000n\000e\000\040\000a\000n\000d\000\040\000I\000n\000i\000t\000i\000a\000l\000\040\000M\000o\000d\000e\000l\000i\000n\000g\000\040\000A\000p\000p\000r\000o\000a\000c\000h\000e\000s}{section.4}% 18
\BOOKMARK [2][-]{subsection.4.2}{\376\377\000A\000d\000v\000a\000n\000c\000e\000d\000\040\000S\000e\000n\000t\000i\000m\000e\000n\000t\000\040\000a\000n\000d\000\040\000T\000o\000k\000e\000n\000-\000L\000e\000v\000e\000l\000\040\000A\000n\000a\000l\000y\000t\000i\000c\000s}{section.4}% 19
\BOOKMARK [2][-]{subsection.4.3}{\376\377\000N\000L\000P\000:\000\040\000N\000a\000m\000e\000d\000\040\000E\000n\000t\000i\000t\000y\000\040\000R\000e\000c\000o\000g\000n\000i\000t\000i\000o\000n\000\040\000\050\000N\000E\000R\000\051}{section.4}% 20
\BOOKMARK [2][-]{subsection.4.4}{\376\377\000T\000i\000m\000e\000-\000S\000e\000r\000i\000e\000s\000\040\000M\000o\000d\000e\000l\000i\000n\000g\000\040\000w\000i\000t\000h\000\040\000V\000I\000X}{section.4}% 21
\BOOKMARK [2][-]{subsection.4.5}{\376\377\000T\000o\000p\000i\000c\000\040\000M\000o\000d\000e\000l\000i\000n\000g\000\040\000A\000p\000p\000r\000o\000a\000c\000h\000e\000s\000\040\000\050\000B\000E\000R\000T\000o\000p\000i\000c\000\051}{section.4}% 22
\BOOKMARK [2][-]{subsection.4.6}{\376\377\000T\000e\000c\000h\000n\000i\000c\000a\000l\000\040\000I\000n\000d\000i\000c\000a\000t\000o\000r\000s\000\040\000A\000n\000a\000l\000y\000s\000i\000s}{section.4}% 23
\BOOKMARK [2][-]{subsection.4.7}{\376\377\000M\000u\000l\000t\000i\000-\000F\000e\000a\000t\000u\000r\000e\000\040\000a\000n\000d\000\040\000E\000n\000s\000e\000m\000b\000l\000e\000\040\000A\000p\000p\000r\000o\000a\000c\000h\000e\000s}{section.4}% 24
\BOOKMARK [1][-]{section.5}{\376\377\000P\000r\000e\000l\000i\000m\000i\000n\000a\000r\000y\000\040\000R\000e\000s\000u\000l\000t\000s\000\040\000a\000n\000d\000\040\000K\000e\000y\000\040\000O\000b\000s\000e\000r\000v\000a\000t\000i\000o\000n\000s}{}% 25
\BOOKMARK [2][-]{subsection.5.1}{\376\377\000O\000b\000s\000e\000r\000v\000a\000t\000i\000o\000n\000s}{section.5}% 26
\BOOKMARK [2][-]{subsection.5.2}{\376\377\000P\000r\000e\000l\000i\000m\000i\000n\000a\000r\000y\000\040\000M\000o\000d\000e\000l\000i\000n\000g\000\040\000R\000e\000s\000u\000l\000t\000s}{section.5}% 27
\BOOKMARK [1][-]{section.6}{\376\377\000V\000I\000X\000\040\000T\000i\000m\000e\000\040\000S\000e\000r\000i\000e\000s\000\040\000M\000o\000d\000e\000l\000i\000n\000g}{}% 28
\BOOKMARK [2][-]{subsection.6.1}{\376\377\000E\000x\000p\000l\000o\000r\000a\000t\000o\000r\000y\000\040\000C\000o\000r\000r\000e\000l\000a\000t\000i\000o\000n\000:\000\040\000V\000I\000X\000\040\000v\000s\000.\000\040\000P\000r\000i\000c\000e\000\040\000M\000o\000v\000e\000m\000e\000n\000t\000s}{section.6}% 29
\BOOKMARK [2][-]{subsection.6.2}{\376\377\000T\000i\000m\000e\000\040\000S\000e\000r\000i\000e\000s\000\040\000M\000o\000d\000e\000l\000i\000n\000g}{section.6}% 30
\BOOKMARK [2][-]{subsection.6.3}{\376\377\000C\000l\000a\000s\000s\000i\000f\000y\000i\000n\000g\000\040\000P\000r\000i\000c\000e\000\040\000M\000o\000v\000e\000m\000e\000n\000t\000s}{section.6}% 31
\BOOKMARK [1][-]{section.7}{\376\377\000T\000h\000e\000m\000a\000t\000i\000c\000\040\000C\000l\000u\000s\000t\000e\000r\000i\000n\000g}{}% 32
\BOOKMARK [2][-]{subsubsection.7.0.1}{\376\377\000C\000l\000u\000s\000t\000e\000r\000i\000n\000g\000\040\000w\000i\000t\000h\000\040\000F\000i\000n\000B\000E\000R\000T\000\040\000E\000m\000b\000e\000d\000d\000i\000n\000g\000s}{section.7}% 33
\BOOKMARK [1][-]{section.8}{\376\377\000T\000o\000k\000e\000n\000\040\000W\000o\000r\000d\000\040\000S\000c\000o\000r\000e\000\040\000a\000n\000d\000\040\000S\000e\000n\000t\000i\000m\000e\000n\000t\000\040\000A\000n\000a\000l\000y\000s\000i\000s\000\040\000A\000p\000p\000r\000o\000a\000c\000h}{}% 34
\BOOKMARK [2][-]{subsubsection.8.0.1}{\376\377\000R\000i\000s\000k\000\040\000S\000c\000o\000r\000e\000\040\000C\000o\000m\000p\000u\000t\000a\000t\000i\000o\000n\000s}{section.8}% 35
\BOOKMARK [3][-]{subsubsection.8.0.2}{\376\377\000W\000e\000i\000g\000h\000t\000e\000d\000\040\000R\000i\000s\000k\000\040\000S\000c\000o\000r\000e\000\040\000E\000x\000p\000e\000r\000i\000m\000e\000n\000t\000s}{subsubsection.8.0.1}% 36
\BOOKMARK [3][-]{subsubsection.8.0.3}{\376\377\000K\000e\000y\000\040\000I\000n\000s\000i\000g\000h\000t\000s}{subsubsection.8.0.1}% 37
\BOOKMARK [2][-]{subsection.8.1}{\376\377\000M\000u\000l\000t\000i\000-\000F\000e\000a\000t\000u\000r\000e\000\040\000v\000s\000.\000\040\000T\000o\000k\000e\000n\000-\000F\000o\000c\000u\000s\000e\000d\000\040\000M\000o\000d\000e\000l\000s}{section.8}% 38
\BOOKMARK [3][-]{subsubsection.8.1.1}{\376\377\000M\000u\000l\000t\000i\000-\000F\000e\000a\000t\000u\000r\000e\000\040\000M\000o\000d\000e\000l\000\040\000\050\0001\0001\000\040\000F\000e\000a\000t\000u\000r\000e\000s\000\040\000I\000n\000c\000l\000u\000d\000i\000n\000g\000\040\000a\000r\000t\000i\000c\000l\000e\000\137\000c\000o\000u\000n\000t\000\051}{subsection.8.1}% 39
\BOOKMARK [3][-]{subsubsection.8.1.2}{\376\377\000T\000o\000k\000e\000n\000-\000F\000o\000c\000u\000s\000e\000d\000\040\000M\000o\000d\000e\000l\000\040\000\050\000S\000i\000n\000g\000l\000e\000\040\000F\000e\000a\000t\000u\000r\000e\000:\000\040\000t\000o\000k\000e\000n\000\137\000f\000o\000c\000u\000s\000e\000d\000\137\000r\000i\000s\000k\000\051}{subsection.8.1}% 40
\BOOKMARK [2][-]{subsection.8.2}{\376\377\000I\000m\000p\000a\000c\000t\000\040\000o\000f\000\040\000A\000r\000t\000i\000c\000l\000e\000\040\000C\000o\000u\000n\000t\000\040\000o\000n\000\040\000M\000o\000d\000e\000l\000\040\000P\000e\000r\000f\000o\000r\000m\000a\000n\000c\000e}{section.8}% 41
\BOOKMARK [2][-]{subsection.8.3}{\376\377\000K\000e\000y\000\040\000I\000n\000s\000i\000g\000h\000t\000s\000\040\000a\000n\000d\000\040\000R\000e\000c\000o\000m\000m\000e\000n\000d\000a\000t\000i\000o\000n\000s}{section.8}% 42
\BOOKMARK [1][-]{section.9}{\376\377\000A\000l\000t\000e\000r\000n\000a\000t\000i\000v\000e\000\040\000R\000i\000s\000k\000\040\000S\000c\000o\000r\000e\000\040\000M\000e\000t\000h\000o\000d\000\040\000w\000i\000t\000h\000\040\000N\000a\000m\000e\000d\000\040\000E\000n\000t\000i\000t\000y\000\040\000R\000e\000c\000o\000g\000n\000i\000t\000i\000o\000n\000\040\000a\000n\000d\000\040\000T\000e\000c\000h\000n\000i\000c\000a\000l\000\040\000A\000n\000a\000l\000y\000s\000i\000s}{}% 43
\BOOKMARK [2][-]{subsection.9.1}{\376\377\000R\000i\000s\000k\000\040\000S\000c\000o\000r\000e\000\040\000C\000a\000l\000c\000u\000l\000a\000t\000i\000o\000n\000\040\000S\000t\000e\000p\000s\000:}{section.9}% 44
\BOOKMARK [2][-]{subsection.9.2}{\376\377\000R\000e\000g\000r\000e\000s\000s\000i\000o\000n\000\040\000A\000n\000a\000l\000y\000s\000i\000s\000\040\000a\000n\000d\000\040\000C\000o\000m\000p\000a\000r\000i\000s\000o\000n\000:}{section.9}% 45
\BOOKMARK [2][-]{subsection.9.3}{\376\377\000C\000l\000a\000s\000s\000i\000f\000i\000c\000a\000t\000i\000o\000n\000\040\000C\000a\000t\000e\000g\000o\000r\000i\000z\000a\000t\000i\000o\000n\000:}{section.9}% 46
\BOOKMARK [2][-]{subsection.9.4}{\376\377\000T\000e\000c\000h\000n\000i\000c\000a\000l\000\040\000A\000n\000a\000l\000y\000s\000i\000s\000:}{section.9}% 47
\BOOKMARK [2][-]{subsection.9.5}{\376\377\000S\000u\000m\000m\000a\000r\000y}{section.9}% 48
\BOOKMARK [1][-]{section.10}{\376\377\000T\000o\000p\000i\000c\000\040\000M\000o\000d\000e\000l\000i\000n\000g\000\040\000A\000p\000p\000r\000o\000a\000c\000h}{}% 49
\BOOKMARK [2][-]{subsection.10.1}{\376\377\000M\000e\000t\000h\000o\000d\000o\000l\000o\000g\000y\000\040\000a\000n\000d\000\040\000M\000o\000d\000e\000l\000\040\000P\000a\000r\000a\000m\000e\000t\000e\000r\000s}{section.10}% 50
\BOOKMARK [2][-]{subsection.10.2}{\376\377\000F\000e\000a\000t\000u\000r\000e\000\040\000E\000n\000g\000i\000n\000e\000e\000r\000i\000n\000g}{section.10}% 51
\BOOKMARK [2][-]{subsection.10.3}{\376\377\000P\000e\000r\000-\000T\000i\000c\000k\000e\000r\000\040\000M\000o\000d\000e\000l\000i\000n\000g\000\040\000a\000n\000d\000\040\000Q\000u\000a\000n\000t\000i\000t\000a\000t\000i\000v\000e\000\040\000R\000e\000s\000u\000l\000t\000s}{section.10}% 52
\BOOKMARK [2][-]{subsection.10.4}{\376\377\000I\000m\000p\000a\000c\000t\000\040\000o\000f\000\040\000A\000r\000t\000i\000c\000l\000e\000\040\000V\000o\000l\000u\000m\000e\000\040\000o\000n\000\040\000M\000o\000d\000e\000l\000\040\000P\000e\000r\000f\000o\000r\000m\000a\000n\000c\000e}{section.10}% 53
\BOOKMARK [2][-]{subsection.10.5}{\376\377\000S\000u\000m\000m\000a\000r\000y}{section.10}% 54
\BOOKMARK [1][-]{section.11}{\376\377\000S\000h\000o\000r\000t\000-\000T\000e\000r\000m\000\040\000v\000s\000.\000\040\000L\000o\000n\000g\000-\000T\000e\000r\000m\000\040\000O\000p\000p\000o\000r\000t\000u\000n\000i\000t\000i\000e\000s}{}% 55
\BOOKMARK [2][-]{subsection.11.1}{\376\377\000S\000e\000g\000m\000e\000n\000t\000a\000t\000i\000o\000n\000\040\000o\000r\000\040\000C\000l\000u\000s\000t\000e\000r\000i\000n\000g}{section.11}% 56
\BOOKMARK [2][-]{subsection.11.2}{\376\377\000M\000i\000x\000t\000u\000r\000e\000-\000o\000f\000-\000E\000x\000p\000e\000r\000t\000s\000\040\000M\000o\000d\000e\000l\000s}{section.11}% 57
\BOOKMARK [2][-]{subsection.11.3}{\376\377\000M\000u\000l\000t\000i\000-\000T\000a\000s\000k\000\040\000o\000r\000\040\000H\000i\000e\000r\000a\000r\000c\000h\000i\000c\000a\000l\000\040\000M\000o\000d\000e\000l\000i\000n\000g}{section.11}% 58
\BOOKMARK [2][-]{subsection.11.4}{\376\377\000A\000d\000a\000p\000t\000i\000v\000e\000\040\000W\000e\000i\000g\000h\000t\000i\000n\000g\000\040\000i\000n\000\040\000E\000n\000s\000e\000m\000b\000l\000e\000\040\000M\000e\000t\000h\000o\000d\000s}{section.11}% 59
\BOOKMARK [2][-]{subsection.11.5}{\376\377\000I\000n\000c\000o\000r\000p\000o\000r\000a\000t\000e\000\040\000R\000e\000i\000n\000f\000o\000r\000c\000e\000m\000e\000n\000t\000\040\000L\000e\000a\000r\000n\000i\000n\000g}{section.11}% 60
\BOOKMARK [2][-]{subsection.11.6}{\376\377\000F\000i\000n\000a\000l\000\040\000T\000h\000o\000u\000g\000h\000t\000s}{section.11}% 61
\BOOKMARK [1][-]{section.12}{\376\377\000C\000o\000n\000c\000l\000u\000s\000i\000o\000n}{}% 62
\BOOKMARK [1][-]{section.13}{\376\377\000W\000o\000r\000k\000l\000o\000a\000d\000\040\000D\000i\000s\000t\000r\000i\000b\000u\000t\000i\000o\000n}{}% 63
